  tif_aux.c
  tif_close.c
  tif_codec.c
  tif_color.c
  tif_compress.c
  tif_dir.c
  tif_dirinfo.c
  tif_dirread.c
  tif_dirwrite.c
  tif_dumpmode.c
  tif_error.c
  tif_extension.c
  tif_fax3.c
  tif_fax3sm.c
  tif_flush.c
  tif_getimage.c
  tif_jpeg.c
  tif_luv.c
  tif_lzma.c
  tif_lzw.c
  Generando código...
  Compilando...
  tif_next.c
  tif_ojpeg.c
E:\Documentos\Tareas\AÑO 3\Proyecto3\global-engine\P3\ProyectoBase\lib\FreeImage\Source\LibTIFF4\tif_ojpeg.c(617,14): warning C4477: 'fprintf' : la cadena de formato '%lu' requiere un argumento de tipo 'unsigned long', pero el argumento variádico 1 tiene el tipo 'uint64'
E:\Documentos\Tareas\AÑO 3\Proyecto3\global-engine\P3\ProyectoBase\lib\FreeImage\Source\LibTIFF4\tif_ojpeg.c(617,14): message : considere el uso de ' %llu' en la cadena de formato
E:\Documentos\Tareas\AÑO 3\Proyecto3\global-engine\P3\ProyectoBase\lib\FreeImage\Source\LibTIFF4\tif_ojpeg.c(617,14): message : considere el uso de ' %Iu' en la cadena de formato
E:\Documentos\Tareas\AÑO 3\Proyecto3\global-engine\P3\ProyectoBase\lib\FreeImage\Source\LibTIFF4\tif_ojpeg.c(617,14): message : considere el uso de ' %I64u' en la cadena de formato
E:\Documentos\Tareas\AÑO 3\Proyecto3\global-engine\P3\ProyectoBase\lib\FreeImage\Source\LibTIFF4\tif_ojpeg.c(619,14): warning C4477: 'fprintf' : la cadena de formato '%lu' requiere un argumento de tipo 'unsigned long', pero el argumento variádico 1 tiene el tipo 'uint64'
E:\Documentos\Tareas\AÑO 3\Proyecto3\global-engine\P3\ProyectoBase\lib\FreeImage\Source\LibTIFF4\tif_ojpeg.c(619,14): message : considere el uso de ' %llu' en la cadena de formato
E:\Documentos\Tareas\AÑO 3\Proyecto3\global-engine\P3\ProyectoBase\lib\FreeImage\Source\LibTIFF4\tif_ojpeg.c(619,14): message : considere el uso de ' %Iu' en la cadena de formato
E:\Documentos\Tareas\AÑO 3\Proyecto3\global-engine\P3\ProyectoBase\lib\FreeImage\Source\LibTIFF4\tif_ojpeg.c(619,14): message : considere el uso de ' %I64u' en la cadena de formato
E:\Documentos\Tareas\AÑO 3\Proyecto3\global-engine\P3\ProyectoBase\lib\FreeImage\Source\LibTIFF4\tif_ojpeg.c(624,15): warning C4477: 'fprintf' : la cadena de formato '%lu' requiere un argumento de tipo 'unsigned long', pero el argumento variádico 1 tiene el tipo 'uint64'
E:\Documentos\Tareas\AÑO 3\Proyecto3\global-engine\P3\ProyectoBase\lib\FreeImage\Source\LibTIFF4\tif_ojpeg.c(624,15): message : considere el uso de ' %llu' en la cadena de formato
E:\Documentos\Tareas\AÑO 3\Proyecto3\global-engine\P3\ProyectoBase\lib\FreeImage\Source\LibTIFF4\tif_ojpeg.c(624,15): message : considere el uso de ' %Iu' en la cadena de formato
E:\Documentos\Tareas\AÑO 3\Proyecto3\global-engine\P3\ProyectoBase\lib\FreeImage\Source\LibTIFF4\tif_ojpeg.c(624,15): message : considere el uso de ' %I64u' en la cadena de formato
E:\Documentos\Tareas\AÑO 3\Proyecto3\global-engine\P3\ProyectoBase\lib\FreeImage\Source\LibTIFF4\tif_ojpeg.c(631,15): warning C4477: 'fprintf' : la cadena de formato '%lu' requiere un argumento de tipo 'unsigned long', pero el argumento variádico 1 tiene el tipo 'uint64'
E:\Documentos\Tareas\AÑO 3\Proyecto3\global-engine\P3\ProyectoBase\lib\FreeImage\Source\LibTIFF4\tif_ojpeg.c(631,15): message : considere el uso de ' %llu' en la cadena de formato
E:\Documentos\Tareas\AÑO 3\Proyecto3\global-engine\P3\ProyectoBase\lib\FreeImage\Source\LibTIFF4\tif_ojpeg.c(631,15): message : considere el uso de ' %Iu' en la cadena de formato
E:\Documentos\Tareas\AÑO 3\Proyecto3\global-engine\P3\ProyectoBase\lib\FreeImage\Source\LibTIFF4\tif_ojpeg.c(631,15): message : considere el uso de ' %I64u' en la cadena de formato
E:\Documentos\Tareas\AÑO 3\Proyecto3\global-engine\P3\ProyectoBase\lib\FreeImage\Source\LibTIFF4\tif_ojpeg.c(638,15): warning C4477: 'fprintf' : la cadena de formato '%lu' requiere un argumento de tipo 'unsigned long', pero el argumento variádico 1 tiene el tipo 'uint64'
E:\Documentos\Tareas\AÑO 3\Proyecto3\global-engine\P3\ProyectoBase\lib\FreeImage\Source\LibTIFF4\tif_ojpeg.c(638,15): message : considere el uso de ' %llu' en la cadena de formato
E:\Documentos\Tareas\AÑO 3\Proyecto3\global-engine\P3\ProyectoBase\lib\FreeImage\Source\LibTIFF4\tif_ojpeg.c(638,15): message : considere el uso de ' %Iu' en la cadena de formato
E:\Documentos\Tareas\AÑO 3\Proyecto3\global-engine\P3\ProyectoBase\lib\FreeImage\Source\LibTIFF4\tif_ojpeg.c(638,15): message : considere el uso de ' %I64u' en la cadena de formato
  tif_open.c
  tif_packbits.c
  tif_pixarlog.c
  tif_predict.c
  tif_print.c
  tif_read.c
  tif_strip.c
  tif_swab.c
  tif_thunder.c
  tif_tile.c
  tif_version.c
  tif_warning.c
  tif_write.c
  tif_zip.c
  Generando código...
  LibTIFF4.2017.vcxproj -> E:\Documentos\Tareas\AÑO 3\Proyecto3\global-engine\P3\ProyectoBase\lib\FreeImage\Source\LibTIFF4\.\x64\Debug\LibTIFF4.lib
