  adler32.c
  compress.c
  crc32.c
  deflate.c
  gzclose.c
  gzlib.c
  gzread.c
E:\Documentos\Tareas\AÑO 3\Proyecto3\global-engine\P3\ProyectoBase\lib\FreeImage\Source\ZLib\gzread.c(319,20): warning C4267: '=': conversión de 'size_t' a 'unsigned int'; posible pérdida de datos
E:\Documentos\Tareas\AÑO 3\Proyecto3\global-engine\P3\ProyectoBase\lib\FreeImage\Source\ZLib\gzread.c(400,35): warning C4267: '=': conversión de 'size_t' a 'unsigned int'; posible pérdida de datos
E:\Documentos\Tareas\AÑO 3\Proyecto3\global-engine\P3\ProyectoBase\lib\FreeImage\Source\ZLib\gzread.c(472,33): warning C4267: '=': conversión de 'size_t' a 'int'; posible pérdida de datos
  gzwrite.c
E:\Documentos\Tareas\AÑO 3\Proyecto3\global-engine\P3\ProyectoBase\lib\FreeImage\Source\ZLib\gzwrite.c(212,27): warning C4267: '=': conversión de 'size_t' a 'unsigned int'; posible pérdida de datos
E:\Documentos\Tareas\AÑO 3\Proyecto3\global-engine\P3\ProyectoBase\lib\FreeImage\Source\ZLib\gzwrite.c(232,24): warning C4267: '=': conversión de 'size_t' a 'unsigned int'; posible pérdida de datos
E:\Documentos\Tareas\AÑO 3\Proyecto3\global-engine\P3\ProyectoBase\lib\FreeImage\Source\ZLib\gzwrite.c(371,36): warning C4267: '=': conversión de 'size_t' a 'int'; posible pérdida de datos
  infback.c
  inffast.c
  inflate.c
  inftrees.c
  trees.c
  uncompr.c
  zutil.c
  Generando código...
  ZLib.2017.vcxproj -> E:\Documentos\Tareas\AÑO 3\Proyecto3\global-engine\P3\ProyectoBase\lib\FreeImage\Source\ZLib\.\x64\Release\ZLib.lib
