  decode.c
  JXRTranscode.c
  postprocess.c
  segdec.c
  strdec.c
  strdec_x86.c
  strInvTransform.c
  strPredQuantDec.c
  encode.c
  segenc.c
  strenc.c
  strenc_x86.c
  strFwdTransform.c
  strPredQuantEnc.c
  adapthuff.c
  image.c
  strcodec.c
  strPredQuant.c
  strTransform.c
  JXRGlue.c
  Generando código...
  Compilando...
  JXRGlueJxr.c
  JXRGluePFC.c
  JXRMeta.c
  Generando código...
  LibJXR.2017.vcxproj -> E:\Documentos\Tareas\AÑO 3\Proyecto3\global-engine\P3\ProyectoBase\lib\FreeImage\Source\LibJXR\.\x64\Release\LibJXR.lib
