cl : línea de comandos warning D9035: La opción 'Gm' está desusada y se quitará en próximas versiones
  JXRMeta.c
  JXRGluePFC.c
  JXRGlueJxr.c
  JXRGlue.c
  strTransform.c
  strPredQuant.c
  strcodec.c
  image.c
  adapthuff.c
  strPredQuantEnc.c
  strFwdTransform.c
  strenc_x86.c
  strenc.c
  segenc.c
  encode.c
  strPredQuantDec.c
  strInvTransform.c
  strdec_x86.c
  strdec.c
  segdec.c
  Generando código...
  Compilando...
  postprocess.c
  JXRTranscode.c
  decode.c
  Generando código...
  LibJXR.2017.vcxproj -> E:\Documentos\Tareas\AÑO 3\Proyecto3\global-engine\P3\ProyectoBase\lib\FreeImage\Source\LibJXR\.\x64\Debug\LibJXR.lib
