  jaricom.c
  jcapimin.c
  jcapistd.c
  jcarith.c
  jccoefct.c
  jccolor.c
  jcdctmgr.c
  jchuff.c
  jcinit.c
  jcmainct.c
  jcmarker.c
  jcmaster.c
  jcomapi.c
  jcparam.c
  jcprepct.c
  jcsample.c
  jctrans.c
  jdapimin.c
  jdapistd.c
  jdarith.c
  Generando código...
  Compilando...
  jdatadst.c
E:\Documentos\Tareas\AÑO 3\Proyecto3\global-engine\P3\ProyectoBase\lib\FreeImage\Source\LibJPEG\jdatadst.c(185,60): warning C4267: '=': conversión de 'size_t' a 'unsigned long'; posible pérdida de datos
  jdatasrc.c
  jdcoefct.c
  jdcolor.c
  jddctmgr.c
  jdhuff.c
  jdinput.c
  jdmainct.c
  jdmarker.c
  jdmaster.c
  jdmerge.c
  jdpostct.c
  jdsample.c
  jdtrans.c
  jerror.c
  jfdctflt.c
  jfdctfst.c
  jfdctint.c
  jidctflt.c
  jidctfst.c
  Generando código...
  Compilando...
  jidctint.c
  jmemmgr.c
E:\Documentos\Tareas\AÑO 3\Proyecto3\global-engine\P3\ProyectoBase\lib\FreeImage\Source\LibJPEG\jmemmgr.c(307,53): warning C4267: '+=': conversión de 'size_t' a 'long'; posible pérdida de datos
E:\Documentos\Tareas\AÑO 3\Proyecto3\global-engine\P3\ProyectoBase\lib\FreeImage\Source\LibJPEG\jmemmgr.c(367,70): warning C4267: '+=': conversión de 'size_t' a 'long'; posible pérdida de datos
E:\Documentos\Tareas\AÑO 3\Proyecto3\global-engine\P3\ProyectoBase\lib\FreeImage\Source\LibJPEG\jmemmgr.c(977,46): warning C4267: '-=': conversión de 'size_t' a 'long'; posible pérdida de datos
E:\Documentos\Tareas\AÑO 3\Proyecto3\global-engine\P3\ProyectoBase\lib\FreeImage\Source\LibJPEG\jmemmgr.c(991,46): warning C4267: '-=': conversión de 'size_t' a 'long'; posible pérdida de datos
  jmemnobs.c
  jquant1.c
  jquant2.c
  jutils.c
  transupp.c
  Generando código...
  LibJPEG.2017.vcxproj -> E:\Documentos\Tareas\AÑO 3\Proyecto3\global-engine\P3\ProyectoBase\lib\FreeImage\Source\LibJPEG\.\x64\Release\LibJPEG.lib
