  IexMathFpu.cpp
  b44ExpLogTable.cpp
  ImfAcesFile.cpp
E:\Documentos\Tareas\AÑO 3\Proyecto3\global-engine\P3\ProyectoBase\lib\FreeImage\Source\OpenEXR\IlmImf\ImfAcesFile.cpp(58,30): warning C4305: 'argumento': truncamiento de 'double' a 'T'
          with
          [
              T=float
          ]
E:\Documentos\Tareas\AÑO 3\Proyecto3\global-engine\P3\ProyectoBase\lib\FreeImage\Source\OpenEXR\IlmImf\ImfAcesFile.cpp(426,49): warning C4305: 'argumento': truncamiento de 'double' a 'T'
          with
          [
              T=float
          ]
E:\Documentos\Tareas\AÑO 3\Proyecto3\global-engine\P3\ProyectoBase\lib\FreeImage\Source\OpenEXR\IlmImf\ImfAcesFile.cpp(432,49): warning C4305: 'argumento': truncamiento de 'double' a 'T'
          with
          [
              T=float
          ]
  ImfAttribute.cpp
  ImfB44Compressor.cpp
E:\Documentos\Tareas\AÑO 3\Proyecto3\global-engine\P3\ProyectoBase\lib\FreeImage\Source\OpenEXR\IlmImf\ImfB44Compressor.cpp(486,1): warning C4267: 'inicializando': conversión de 'size_t' a 'int'; posible pérdida de datos
E:\Documentos\Tareas\AÑO 3\Proyecto3\global-engine\P3\ProyectoBase\lib\FreeImage\Source\OpenEXR\IlmImf\ImfB44Compressor.cpp(862,19): warning C4244: 'return': conversión de '__int64' a 'int'; posible pérdida de datos
E:\Documentos\Tareas\AÑO 3\Proyecto3\global-engine\P3\ProyectoBase\lib\FreeImage\Source\OpenEXR\IlmImf\ImfB44Compressor.cpp(1068,19): warning C4244: 'return': conversión de '__int64' a 'int'; posible pérdida de datos
  ImfBoxAttribute.cpp
  ImfChannelList.cpp
  ImfChannelListAttribute.cpp
  ImfChromaticities.cpp
  ImfChromaticitiesAttribute.cpp
  ImfCompositeDeepScanLine.cpp
E:\Documentos\Tareas\AÑO 3\Proyecto3\global-engine\P3\ProyectoBase\lib\FreeImage\Source\OpenEXR\IlmImf\ImfCompositeDeepScanLine.cpp(279,64): warning C4267: 'argumento': conversión de 'size_t' a '_Ty'; posible pérdida de datos
          with
          [
              _Ty=int
          ]
E:\Documentos\Tareas\AÑO 3\Proyecto3\global-engine\P3\ProyectoBase\lib\FreeImage\Source\OpenEXR\IlmImf\ImfCompositeDeepScanLine.cpp(375,32): warning C4267: 'argumento': conversión de 'size_t' a 'int'; posible pérdida de datos
  ImfCompressionAttribute.cpp
  ImfCompressor.cpp
E:\Documentos\Tareas\AÑO 3\Proyecto3\global-engine\P3\ProyectoBase\lib\FreeImage\Source\OpenEXR\IlmImf\ImfCompressor.cpp(165,62): warning C4267: 'argumento': conversión de 'size_t' a 'int'; posible pérdida de datos
E:\Documentos\Tareas\AÑO 3\Proyecto3\global-engine\P3\ProyectoBase\lib\FreeImage\Source\OpenEXR\IlmImf\ImfCompressor.cpp(170,62): warning C4267: 'argumento': conversión de 'size_t' a 'int'; posible pérdida de datos
E:\Documentos\Tareas\AÑO 3\Proyecto3\global-engine\P3\ProyectoBase\lib\FreeImage\Source\OpenEXR\IlmImf\ImfCompressor.cpp(216,55): warning C4267: 'argumento': conversión de 'size_t' a 'int'; posible pérdida de datos
  ImfConvert.cpp
  ImfCRgbaFile.cpp
  ImfDeepCompositing.cpp
E:\Documentos\Tareas\AÑO 3\Proyecto3\global-engine\P3\ProyectoBase\lib\FreeImage\Source\OpenEXR\IlmImf\ImfDeepCompositing.cpp(84,48): warning C4244: '+=': conversión de 'double' a 'float'; posible pérdida de datos
  ImfDeepFrameBuffer.cpp
E:\Documentos\Tareas\AÑO 3\Proyecto3\global-engine\P3\ProyectoBase\lib\FreeImage\Source\OpenEXR\IlmImf\ImfDeepFrameBuffer.cpp(57,1): warning C4267: 'inicializando': conversión de 'size_t' a 'int'; posible pérdida de datos
  ImfDeepImageStateAttribute.cpp
  ImfDeepScanLineInputFile.cpp
E:\Documentos\Tareas\AÑO 3\Proyecto3\global-engine\P3\ProyectoBase\lib\FreeImage\Source\OpenEXR\IlmImf\ImfDeepScanLineInputFile.cpp(343,66): warning C4244: 'argumento': conversión de 'Imath_2_2::Int64' a 'int'; posible pérdida de datos
E:\Documentos\Tareas\AÑO 3\Proyecto3\global-engine\P3\ProyectoBase\lib\FreeImage\Source\OpenEXR\IlmImf\ImfDeepScanLineInputFile.cpp(504,44): warning C4244: 'argumento': conversión de 'Imath_2_2::Int64' a 'int'; posible pérdida de datos
E:\Documentos\Tareas\AÑO 3\Proyecto3\global-engine\P3\ProyectoBase\lib\FreeImage\Source\OpenEXR\IlmImf\ImfDeepScanLineInputFile.cpp(511,52): warning C4244: 'argumento': conversión de 'Imath_2_2::Int64' a 'int'; posible pérdida de datos
E:\Documentos\Tareas\AÑO 3\Proyecto3\global-engine\P3\ProyectoBase\lib\FreeImage\Source\OpenEXR\IlmImf\ImfDeepScanLineInputFile.cpp(518,39): warning C4244: 'argumento': conversión de 'Imath_2_2::Int64' a 'int'; posible pérdida de datos
E:\Documentos\Tareas\AÑO 3\Proyecto3\global-engine\P3\ProyectoBase\lib\FreeImage\Source\OpenEXR\IlmImf\ImfDeepScanLineInputFile.cpp(635,54): warning C4244: 'argumento': conversión de 'Imath_2_2::Int64' a 'int'; posible pérdida de datos
E:\Documentos\Tareas\AÑO 3\Proyecto3\global-engine\P3\ProyectoBase\lib\FreeImage\Source\OpenEXR\IlmImf\ImfDeepScanLineInputFile.cpp(1148,61): warning C4267: '=': conversión de 'size_t' a 'int'; posible pérdida de datos
E:\Documentos\Tareas\AÑO 3\Proyecto3\global-engine\P3\ProyectoBase\lib\FreeImage\Source\OpenEXR\IlmImf\ImfDeepScanLineInputFile.cpp(1149,61): warning C4267: '=': conversión de 'size_t' a 'int'; posible pérdida de datos
E:\Documentos\Tareas\AÑO 3\Proyecto3\global-engine\P3\ProyectoBase\lib\FreeImage\Source\OpenEXR\IlmImf\ImfDeepScanLineInputFile.cpp(1471,68): warning C4244: 'argumento': conversión de 'Imath_2_2::Int64' a 'int'; posible pérdida de datos
E:\Documentos\Tareas\AÑO 3\Proyecto3\global-engine\P3\ProyectoBase\lib\FreeImage\Source\OpenEXR\IlmImf\ImfDeepScanLineInputFile.cpp(1515,28): warning C4244: 'argumento': conversión de 'Imath_2_2::Int64' a 'int'; posible pérdida de datos
E:\Documentos\Tareas\AÑO 3\Proyecto3\global-engine\P3\ProyectoBase\lib\FreeImage\Source\OpenEXR\IlmImf\ImfDeepScanLineInputFile.cpp(1549,72): warning C4267: 'inicializando': conversión de 'size_t' a 'int'; posible pérdida de datos
E:\Documentos\Tareas\AÑO 3\Proyecto3\global-engine\P3\ProyectoBase\lib\FreeImage\Source\OpenEXR\IlmImf\ImfDeepScanLineInputFile.cpp(1550,72): warning C4267: 'inicializando': conversión de 'size_t' a 'int'; posible pérdida de datos
E:\Documentos\Tareas\AÑO 3\Proyecto3\global-engine\P3\ProyectoBase\lib\FreeImage\Source\OpenEXR\IlmImf\ImfDeepScanLineInputFile.cpp(1720,48): warning C4244: 'argumento': conversión de 'Imath_2_2::Int64' a 'int'; posible pérdida de datos
E:\Documentos\Tareas\AÑO 3\Proyecto3\global-engine\P3\ProyectoBase\lib\FreeImage\Source\OpenEXR\IlmImf\ImfDeepScanLineInputFile.cpp(1727,60): warning C4267: 'inicializando': conversión de 'size_t' a 'int'; posible pérdida de datos
E:\Documentos\Tareas\AÑO 3\Proyecto3\global-engine\P3\ProyectoBase\lib\FreeImage\Source\OpenEXR\IlmImf\ImfDeepScanLineInputFile.cpp(1728,60): warning C4267: 'inicializando': conversión de 'size_t' a 'int'; posible pérdida de datos
E:\Documentos\Tareas\AÑO 3\Proyecto3\global-engine\P3\ProyectoBase\lib\FreeImage\Source\OpenEXR\IlmImf\ImfDeepScanLineInputFile.cpp(1833,56): warning C4244: 'argumento': conversión de 'Imath_2_2::Int64' a 'int'; posible pérdida de datos
E:\Documentos\Tareas\AÑO 3\Proyecto3\global-engine\P3\ProyectoBase\lib\FreeImage\Source\OpenEXR\IlmImf\ImfDeepScanLineInputFile.cpp(1849,48): warning C4244: 'argumento': conversión de 'Imath_2_2::Int64' a 'int'; posible pérdida de datos
  ImfDeepScanLineInputPart.cpp
  Generando código...
  Compilando...
  ImfDeepScanLineOutputFile.cpp
E:\Documentos\Tareas\AÑO 3\Proyecto3\global-engine\P3\ProyectoBase\lib\FreeImage\Source\OpenEXR\IlmImf\ImfDeepScanLineOutputFile.cpp(378,48): warning C4244: 'argumento': conversión de 'Imath_2_2::Int64' a 'int'; posible pérdida de datos
E:\Documentos\Tareas\AÑO 3\Proyecto3\global-engine\P3\ProyectoBase\lib\FreeImage\Source\OpenEXR\IlmImf\ImfDeepScanLineOutputFile.cpp(384,37): warning C4244: 'argumento': conversión de 'Imath_2_2::Int64' a 'int'; posible pérdida de datos
E:\Documentos\Tareas\AÑO 3\Proyecto3\global-engine\P3\ProyectoBase\lib\FreeImage\Source\OpenEXR\IlmImf\ImfDeepScanLineOutputFile.cpp(605,63): warning C4267: 'argumento': conversión de 'size_t' a 'long'; posible pérdida de datos
E:\Documentos\Tareas\AÑO 3\Proyecto3\global-engine\P3\ProyectoBase\lib\FreeImage\Source\OpenEXR\IlmImf\ImfDeepScanLineOutputFile.cpp(696,52): warning C4244: 'argumento': conversión de 'Imath_2_2::Int64' a 'long'; posible pérdida de datos
E:\Documentos\Tareas\AÑO 3\Proyecto3\global-engine\P3\ProyectoBase\lib\FreeImage\Source\OpenEXR\IlmImf\ImfDeepScanLineOutputFile.cpp(734,55): warning C4244: 'argumento': conversión de 'Imath_2_2::Int64' a 'int'; posible pérdida de datos
E:\Documentos\Tareas\AÑO 3\Proyecto3\global-engine\P3\ProyectoBase\lib\FreeImage\Source\OpenEXR\IlmImf\ImfDeepScanLineOutputFile.cpp(768,61): warning C4244: 'argumento': conversión de 'Imath_2_2::Int64' a 'int'; posible pérdida de datos
E:\Documentos\Tareas\AÑO 3\Proyecto3\global-engine\P3\ProyectoBase\lib\FreeImage\Source\OpenEXR\IlmImf\ImfDeepScanLineOutputFile.cpp(786,61): warning C4244: 'argumento': conversión de 'Imath_2_2::Int64' a 'int'; posible pérdida de datos
E:\Documentos\Tareas\AÑO 3\Proyecto3\global-engine\P3\ProyectoBase\lib\FreeImage\Source\OpenEXR\IlmImf\ImfDeepScanLineOutputFile.cpp(974,72): warning C4244: 'argumento': conversión de 'Imath_2_2::Int64' a 'long'; posible pérdida de datos
E:\Documentos\Tareas\AÑO 3\Proyecto3\global-engine\P3\ProyectoBase\lib\FreeImage\Source\OpenEXR\IlmImf\ImfDeepScanLineOutputFile.cpp(1096,61): warning C4267: '=': conversión de 'size_t' a 'int'; posible pérdida de datos
E:\Documentos\Tareas\AÑO 3\Proyecto3\global-engine\P3\ProyectoBase\lib\FreeImage\Source\OpenEXR\IlmImf\ImfDeepScanLineOutputFile.cpp(1097,61): warning C4267: '=': conversión de 'size_t' a 'int'; posible pérdida de datos
  ImfDeepScanLineOutputPart.cpp
  ImfDeepTiledInputFile.cpp
E:\Documentos\Tareas\AÑO 3\Proyecto3\global-engine\P3\ProyectoBase\lib\FreeImage\Source\OpenEXR\IlmImf\ImfDeepTiledInputFile.cpp(326,24): warning C4244: 'argumento': conversión de 'ptrdiff_t' a 'int'; posible pérdida de datos
E:\Documentos\Tareas\AÑO 3\Proyecto3\global-engine\P3\ProyectoBase\lib\FreeImage\Source\OpenEXR\IlmImf\ImfDeepTiledInputFile.cpp(325,24): warning C4244: 'argumento': conversión de 'ptrdiff_t' a 'int'; posible pérdida de datos
E:\Documentos\Tareas\AÑO 3\Proyecto3\global-engine\P3\ProyectoBase\lib\FreeImage\Source\OpenEXR\IlmImf\ImfDeepTiledInputFile.cpp(418,44): warning C4244: 'argumento': conversión de 'Imath_2_2::Int64' a 'int'; posible pérdida de datos
E:\Documentos\Tareas\AÑO 3\Proyecto3\global-engine\P3\ProyectoBase\lib\FreeImage\Source\OpenEXR\IlmImf\ImfDeepTiledInputFile.cpp(438,52): warning C4244: 'argumento': conversión de 'Imath_2_2::Int64' a 'int'; posible pérdida de datos
E:\Documentos\Tareas\AÑO 3\Proyecto3\global-engine\P3\ProyectoBase\lib\FreeImage\Source\OpenEXR\IlmImf\ImfDeepTiledInputFile.cpp(445,39): warning C4244: 'argumento': conversión de 'Imath_2_2::Int64' a 'int'; posible pérdida de datos
E:\Documentos\Tareas\AÑO 3\Proyecto3\global-engine\P3\ProyectoBase\lib\FreeImage\Source\OpenEXR\IlmImf\ImfDeepTiledInputFile.cpp(493,44): warning C4244: 'argumento': conversión de 'Imath_2_2::Int64' a 'int'; posible pérdida de datos
E:\Documentos\Tareas\AÑO 3\Proyecto3\global-engine\P3\ProyectoBase\lib\FreeImage\Source\OpenEXR\IlmImf\ImfDeepTiledInputFile.cpp(499,35): warning C4244: 'argumento': conversión de 'Imath_2_2::Int64' a 'int'; posible pérdida de datos
E:\Documentos\Tareas\AÑO 3\Proyecto3\global-engine\P3\ProyectoBase\lib\FreeImage\Source\OpenEXR\IlmImf\ImfDeepTiledInputFile.cpp(631,50): warning C4244: 'argumento': conversión de 'Imath_2_2::Int64' a 'int'; posible pérdida de datos
E:\Documentos\Tareas\AÑO 3\Proyecto3\global-engine\P3\ProyectoBase\lib\FreeImage\Source\OpenEXR\IlmImf\ImfDeepTiledInputFile.cpp(1021,52): warning C4244: 'argumento': conversión de 'Imath_2_2::Int64' a 'long'; posible pérdida de datos
E:\Documentos\Tareas\AÑO 3\Proyecto3\global-engine\P3\ProyectoBase\lib\FreeImage\Source\OpenEXR\IlmImf\ImfDeepTiledInputFile.cpp(1495,69): warning C4244: 'argumento': conversión de 'Imath_2_2::Int64' a 'int'; posible pérdida de datos
E:\Documentos\Tareas\AÑO 3\Proyecto3\global-engine\P3\ProyectoBase\lib\FreeImage\Source\OpenEXR\IlmImf\ImfDeepTiledInputFile.cpp(1844,77): warning C4244: 'argumento': conversión de 'Imath_2_2::Int64' a 'int'; posible pérdida de datos
E:\Documentos\Tareas\AÑO 3\Proyecto3\global-engine\P3\ProyectoBase\lib\FreeImage\Source\OpenEXR\IlmImf\ImfDeepTiledInputFile.cpp(1855,61): warning C4244: 'argumento': conversión de 'Imath_2_2::Int64' a 'int'; posible pérdida de datos
  ImfDeepTiledInputPart.cpp
  ImfDeepTiledOutputFile.cpp
E:\Documentos\Tareas\AÑO 3\Proyecto3\global-engine\P3\ProyectoBase\lib\FreeImage\Source\OpenEXR\IlmImf\ImfDeepTiledOutputFile.cpp(554,56): warning C4244: 'argumento': conversión de 'Imath_2_2::Int64' a 'int'; posible pérdida de datos
E:\Documentos\Tareas\AÑO 3\Proyecto3\global-engine\P3\ProyectoBase\lib\FreeImage\Source\OpenEXR\IlmImf\ImfDeepTiledOutputFile.cpp(560,45): warning C4244: 'argumento': conversión de 'Imath_2_2::Int64' a 'int'; posible pérdida de datos
E:\Documentos\Tareas\AÑO 3\Proyecto3\global-engine\P3\ProyectoBase\lib\FreeImage\Source\OpenEXR\IlmImf\ImfDeepTiledOutputFile.cpp(690,53): warning C4244: 'argumento': conversión de 'Imath_2_2::Int64' a 'int'; posible pérdida de datos
E:\Documentos\Tareas\AÑO 3\Proyecto3\global-engine\P3\ProyectoBase\lib\FreeImage\Source\OpenEXR\IlmImf\ImfDeepTiledOutputFile.cpp(689,71): warning C4244: 'argumento': conversión de 'Imath_2_2::Int64' a 'int'; posible pérdida de datos
E:\Documentos\Tareas\AÑO 3\Proyecto3\global-engine\P3\ProyectoBase\lib\FreeImage\Source\OpenEXR\IlmImf\ImfDeepTiledOutputFile.cpp(689,56): warning C4244: 'argumento': conversión de 'Imath_2_2::Int64' a 'int'; posible pérdida de datos
E:\Documentos\Tareas\AÑO 3\Proyecto3\global-engine\P3\ProyectoBase\lib\FreeImage\Source\OpenEXR\IlmImf\ImfDeepTiledOutputFile.cpp(874,41): warning C4244: 'argumento': conversión de 'Imath_2_2::Int64' a 'long'; posible pérdida de datos
E:\Documentos\Tareas\AÑO 3\Proyecto3\global-engine\P3\ProyectoBase\lib\FreeImage\Source\OpenEXR\IlmImf\ImfDeepTiledOutputFile.cpp(970,53): warning C4244: 'argumento': conversión de 'Imath_2_2::Int64' a 'int'; posible pérdida de datos
E:\Documentos\Tareas\AÑO 3\Proyecto3\global-engine\P3\ProyectoBase\lib\FreeImage\Source\OpenEXR\IlmImf\ImfDeepTiledOutputFile.cpp(1010,61): warning C4244: 'argumento': conversión de 'Imath_2_2::Int64' a 'int'; posible pérdida de datos
E:\Documentos\Tareas\AÑO 3\Proyecto3\global-engine\P3\ProyectoBase\lib\FreeImage\Source\OpenEXR\IlmImf\ImfDeepTiledOutputFile.cpp(1243,34): warning C4244: 'argumento': conversión de 'Imath_2_2::Int64' a 'long'; posible pérdida de datos
E:\Documentos\Tareas\AÑO 3\Proyecto3\global-engine\P3\ProyectoBase\lib\FreeImage\Source\OpenEXR\IlmImf\ImfDeepTiledOutputFile.cpp(1362,61): warning C4267: '=': conversión de 'size_t' a 'int'; posible pérdida de datos
E:\Documentos\Tareas\AÑO 3\Proyecto3\global-engine\P3\ProyectoBase\lib\FreeImage\Source\OpenEXR\IlmImf\ImfDeepTiledOutputFile.cpp(1363,61): warning C4267: '=': conversión de 'size_t' a 'int'; posible pérdida de datos
E:\Documentos\Tareas\AÑO 3\Proyecto3\global-engine\P3\ProyectoBase\lib\FreeImage\Source\OpenEXR\IlmImf\ImfDeepTiledOutputFile.cpp(1712,38): warning C4267: 'inicializando': conversión de 'size_t' a 'int'; posible pérdida de datos
  ImfDeepTiledOutputPart.cpp
  ImfDoubleAttribute.cpp
  ImfDwaCompressor.cpp
E:\Documentos\Tareas\AÑO 3\Proyecto3\global-engine\P3\ProyectoBase\lib\FreeImage\Source\OpenEXR\IlmImf\ImfDwaCompressor.cpp(702,41): warning C4267: 'inicializando': conversión de 'size_t' a 'int'; posible pérdida de datos
E:\Documentos\Tareas\AÑO 3\Proyecto3\global-engine\P3\ProyectoBase\lib\FreeImage\Source\OpenEXR\IlmImf\ImfDwaCompressor.cpp(756,38): warning C4018: '<': no coinciden signed/unsigned
E:\Documentos\Tareas\AÑO 3\Proyecto3\global-engine\P3\ProyectoBase\lib\FreeImage\Source\OpenEXR\IlmImf\ImfDwaCompressor.cpp(785,46): warning C4018: '<': no coinciden signed/unsigned
E:\Documentos\Tareas\AÑO 3\Proyecto3\global-engine\P3\ProyectoBase\lib\FreeImage\Source\OpenEXR\IlmImf\ImfDwaCompressor.cpp(941,46): warning C4018: '<': no coinciden signed/unsigned
E:\Documentos\Tareas\AÑO 3\Proyecto3\global-engine\P3\ProyectoBase\lib\FreeImage\Source\OpenEXR\IlmImf\ImfDwaCompressor.cpp(1139,38): warning C4018: '<': no coinciden signed/unsigned
E:\Documentos\Tareas\AÑO 3\Proyecto3\global-engine\P3\ProyectoBase\lib\FreeImage\Source\OpenEXR\IlmImf\ImfDwaCompressor.cpp(1914,54): warning C4267: '+=': conversión de 'size_t' a 'unsigned short'; posible pérdida de datos
E:\Documentos\Tareas\AÑO 3\Proyecto3\global-engine\P3\ProyectoBase\lib\FreeImage\Source\OpenEXR\IlmImf\ImfDwaCompressor.cpp(2428,36): warning C4267: '-=': conversión de 'size_t' a 'unsigned short'; posible pérdida de datos
E:\Documentos\Tareas\AÑO 3\Proyecto3\global-engine\P3\ProyectoBase\lib\FreeImage\Source\OpenEXR\IlmImf\ImfDwaCompressor.cpp(2998,50): warning C4267: '+=': conversión de 'size_t' a 'int'; posible pérdida de datos
  ImfEnvmap.cpp
  ImfEnvmapAttribute.cpp
  ImfFastHuf.cpp
E:\Documentos\Tareas\AÑO 3\Proyecto3\global-engine\P3\ProyectoBase\lib\FreeImage\Source\OpenEXR\IlmImf\ImfFastHuf.cpp(153,24): warning C4244: 'inicializando': conversión de 'Imath_2_2::Int64' a 'int'; posible pérdida de datos
E:\Documentos\Tareas\AÑO 3\Proyecto3\global-engine\P3\ProyectoBase\lib\FreeImage\Source\OpenEXR\IlmImf\ImfFastHuf.cpp(167,24): warning C4244: 'inicializando': conversión de 'Imath_2_2::Int64' a 'int'; posible pérdida de datos
E:\Documentos\Tareas\AÑO 3\Proyecto3\global-engine\P3\ProyectoBase\lib\FreeImage\Source\OpenEXR\IlmImf\ImfFastHuf.cpp(183,34): warning C4244: '=': conversión de 'Imath_2_2::Int64' a 'unsigned char'; posible pérdida de datos
E:\Documentos\Tareas\AÑO 3\Proyecto3\global-engine\P3\ProyectoBase\lib\FreeImage\Source\OpenEXR\IlmImf\ImfFastHuf.cpp(186,34): warning C4244: '=': conversión de 'Imath_2_2::Int64' a 'unsigned char'; posible pérdida de datos
E:\Documentos\Tareas\AÑO 3\Proyecto3\global-engine\P3\ProyectoBase\lib\FreeImage\Source\OpenEXR\IlmImf\ImfFastHuf.cpp(193,36): warning C4267: '+=': conversión de 'size_t' a 'int'; posible pérdida de datos
E:\Documentos\Tareas\AÑO 3\Proyecto3\global-engine\P3\ProyectoBase\lib\FreeImage\Source\OpenEXR\IlmImf\ImfFastHuf.cpp(256,21): warning C4244: 'inicializando': conversión de 'unsigned __int64' a 'int'; posible pérdida de datos
  ImfFloatAttribute.cpp
  ImfFloatVectorAttribute.cpp
E:\Documentos\Tareas\AÑO 3\Proyecto3\global-engine\P3\ProyectoBase\lib\FreeImage\Source\OpenEXR\IlmImf\ImfFloatVectorAttribute.cpp(64,1): warning C4267: 'inicializando': conversión de 'size_t' a 'int'; posible pérdida de datos
  ImfFrameBuffer.cpp
  ImfFramesPerSecond.cpp
  ImfGenericInputFile.cpp
  ImfGenericOutputFile.cpp
  ImfHeader.cpp
  ImfHuf.cpp
E:\Documentos\Tareas\AÑO 3\Proyecto3\global-engine\P3\ProyectoBase\lib\FreeImage\Source\OpenEXR\IlmImf\ImfHuf.cpp(171,14): warning C4244: '=': conversión de 'Imath_2_2::Int64' a 'char'; posible pérdida de datos
E:\Documentos\Tareas\AÑO 3\Proyecto3\global-engine\P3\ProyectoBase\lib\FreeImage\Source\OpenEXR\IlmImf\ImfHuf.cpp(250,8): warning C4244: 'inicializando': conversión de 'Imath_2_2::Int64' a 'int'; posible pérdida de datos
E:\Documentos\Tareas\AÑO 3\Proyecto3\global-engine\P3\ProyectoBase\lib\FreeImage\Source\OpenEXR\IlmImf\ImfHuf.cpp(375,9): warning C4244: 'inicializando': conversión de '__int64' a 'int'; posible pérdida de datos
E:\Documentos\Tareas\AÑO 3\Proyecto3\global-engine\P3\ProyectoBase\lib\FreeImage\Source\OpenEXR\IlmImf\ImfHuf.cpp(379,8): warning C4244: 'inicializando': conversión de '__int64' a 'int'; posible pérdida de datos
E:\Documentos\Tareas\AÑO 3\Proyecto3\global-engine\P3\ProyectoBase\lib\FreeImage\Source\OpenEXR\IlmImf\ImfHuf.cpp(481,8): warning C4244: 'inicializando': conversión de 'Imath_2_2::Int64' a 'int'; posible pérdida de datos
E:\Documentos\Tareas\AÑO 3\Proyecto3\global-engine\P3\ProyectoBase\lib\FreeImage\Source\OpenEXR\IlmImf\ImfHuf.cpp(550,16): warning C4244: 'inicializando': conversión de 'Imath_2_2::Int64' a 'int'; posible pérdida de datos
E:\Documentos\Tareas\AÑO 3\Proyecto3\global-engine\P3\ProyectoBase\lib\FreeImage\Source\OpenEXR\IlmImf\ImfHuf.cpp(562,16): warning C4244: 'inicializando': conversión de 'Imath_2_2::Int64' a 'int'; posible pérdida de datos
E:\Documentos\Tareas\AÑO 3\Proyecto3\global-engine\P3\ProyectoBase\lib\FreeImage\Source\OpenEXR\IlmImf\ImfHuf.cpp(621,8): warning C4244: 'inicializando': conversión de 'Imath_2_2::Int64' a 'int'; posible pérdida de datos
E:\Documentos\Tareas\AÑO 3\Proyecto3\global-engine\P3\ProyectoBase\lib\FreeImage\Source\OpenEXR\IlmImf\ImfHuf.cpp(679,43): warning C4334: '<<': el resultado del desplazamiento de 32 bits se convirtió implícitamente en 64 bits (¿quería un desplazamiento de 64 bits?)
E:\Documentos\Tareas\AÑO 3\Proyecto3\global-engine\P3\ProyectoBase\lib\FreeImage\Source\OpenEXR\IlmImf\ImfHuf.cpp(724,27): warning C4244: 'argumento': conversión de 'Imath_2_2::Int64' a 'int'; posible pérdida de datos
E:\Documentos\Tareas\AÑO 3\Proyecto3\global-engine\P3\ProyectoBase\lib\FreeImage\Source\OpenEXR\IlmImf\ImfHuf.cpp(804,33): warning C4244: 'return': conversión de '__int64' a 'int'; posible pérdida de datos
E:\Documentos\Tareas\AÑO 3\Proyecto3\global-engine\P3\ProyectoBase\lib\FreeImage\Source\OpenEXR\IlmImf\ImfHuf.cpp(900,3): warning C4244: 'inicializando': conversión de 'Imath_2_2::Int64' a 'unsigned char'; posible pérdida de datos
E:\Documentos\Tareas\AÑO 3\Proyecto3\global-engine\P3\ProyectoBase\lib\FreeImage\Source\OpenEXR\IlmImf\ImfHuf.cpp(915,13): warning C4244: 'inicializando': conversión de 'Imath_2_2::Int64' a 'int'; posible pérdida de datos
E:\Documentos\Tareas\AÑO 3\Proyecto3\global-engine\P3\ProyectoBase\lib\FreeImage\Source\OpenEXR\IlmImf\ImfHuf.cpp(930,8): warning C4244: 'inicializando': conversión de 'Imath_2_2::Int64' a 'unsigned char'; posible pérdida de datos
E:\Documentos\Tareas\AÑO 3\Proyecto3\global-engine\P3\ProyectoBase\lib\FreeImage\Source\OpenEXR\IlmImf\ImfHuf.cpp(957,6): warning C4244: 'inicializando': conversión de 'Imath_2_2::Int64' a 'unsigned char'; posible pérdida de datos
E:\Documentos\Tareas\AÑO 3\Proyecto3\global-engine\P3\ProyectoBase\lib\FreeImage\Source\OpenEXR\IlmImf\ImfHuf.cpp(1033,21): warning C4244: 'inicializando': conversión de '__int64' a 'int'; posible pérdida de datos
E:\Documentos\Tareas\AÑO 3\Proyecto3\global-engine\P3\ProyectoBase\lib\FreeImage\Source\OpenEXR\IlmImf\ImfHuf.cpp(1045,35): warning C4244: 'return': conversión de '__int64' a 'int'; posible pérdida de datos
E:\Documentos\Tareas\AÑO 3\Proyecto3\global-engine\P3\ProyectoBase\lib\FreeImage\Source\OpenEXR\IlmImf\ImfHuf.cpp(1081,46): warning C4244: 'argumento': conversión de '__int64' a 'int'; posible pérdida de datos
E:\Documentos\Tareas\AÑO 3\Proyecto3\global-engine\P3\ProyectoBase\lib\FreeImage\Source\OpenEXR\IlmImf\ImfHuf.cpp(1092,40): warning C4244: 'argumento': conversión de '__int64' a 'int'; posible pérdida de datos
  ImfInputFile.cpp
  Generando código...
  Compilando...
  ImfInputPart.cpp
  ImfInputPartData.cpp
  ImfIntAttribute.cpp
  ImfIO.cpp
  ImfKeyCode.cpp
  ImfKeyCodeAttribute.cpp
  ImfLineOrderAttribute.cpp
  ImfLut.cpp
E:\Documentos\Tareas\AÑO 3\Proyecto3\global-engine\P3\ProyectoBase\lib\FreeImage\Source\OpenEXR\IlmImf\ImfLut.cpp(156,33): warning C4244: 'inicializando': conversión de 'double' a 'float'; posible pérdida de datos
E:\Documentos\Tareas\AÑO 3\Proyecto3\global-engine\P3\ProyectoBase\lib\FreeImage\Source\OpenEXR\IlmImf\ImfLut.cpp(156,27): warning C4244: 'inicializando': conversión de 'double' a 'const float'; posible pérdida de datos
E:\Documentos\Tareas\AÑO 3\Proyecto3\global-engine\P3\ProyectoBase\lib\FreeImage\Source\OpenEXR\IlmImf\ImfLut.cpp(174,22): warning C4244: 'argumento': conversión de 'double' a 'float'; posible pérdida de datos
  ImfMatrixAttribute.cpp
  ImfMisc.cpp
E:\Documentos\Tareas\AÑO 3\Proyecto3\global-engine\P3\ProyectoBase\lib\FreeImage\Source\OpenEXR\IlmImf\ImfMisc.cpp(240,48): warning C4267: 'argumento': conversión de 'size_t' a 'int'; posible pérdida de datos
E:\Documentos\Tareas\AÑO 3\Proyecto3\global-engine\P3\ProyectoBase\lib\FreeImage\Source\OpenEXR\IlmImf\ImfMisc.cpp(313,38): warning C4244: 'argumento': conversión de 'double' a 'float'; posible pérdida de datos
E:\Documentos\Tareas\AÑO 3\Proyecto3\global-engine\P3\ProyectoBase\lib\FreeImage\Source\OpenEXR\IlmImf\ImfMisc.cpp(558,64): warning C4267: 'inicializando': conversión de 'size_t' a 'int'; posible pérdida de datos
E:\Documentos\Tareas\AÑO 3\Proyecto3\global-engine\P3\ProyectoBase\lib\FreeImage\Source\OpenEXR\IlmImf\ImfMisc.cpp(692,49): warning C4244: 'argumento': conversión de 'ptrdiff_t' a 'int'; posible pérdida de datos
E:\Documentos\Tareas\AÑO 3\Proyecto3\global-engine\P3\ProyectoBase\lib\FreeImage\Source\OpenEXR\IlmImf\ImfMisc.cpp(691,49): warning C4244: 'argumento': conversión de 'ptrdiff_t' a 'int'; posible pérdida de datos
E:\Documentos\Tareas\AÑO 3\Proyecto3\global-engine\P3\ProyectoBase\lib\FreeImage\Source\OpenEXR\IlmImf\ImfMisc.cpp(708,38): warning C4244: 'argumento': conversión de 'double' a 'float'; posible pérdida de datos
E:\Documentos\Tareas\AÑO 3\Proyecto3\global-engine\P3\ProyectoBase\lib\FreeImage\Source\OpenEXR\IlmImf\ImfMisc.cpp(718,49): warning C4244: 'argumento': conversión de 'ptrdiff_t' a 'int'; posible pérdida de datos
E:\Documentos\Tareas\AÑO 3\Proyecto3\global-engine\P3\ProyectoBase\lib\FreeImage\Source\OpenEXR\IlmImf\ImfMisc.cpp(717,49): warning C4244: 'argumento': conversión de 'ptrdiff_t' a 'int'; posible pérdida de datos
E:\Documentos\Tareas\AÑO 3\Proyecto3\global-engine\P3\ProyectoBase\lib\FreeImage\Source\OpenEXR\IlmImf\ImfMisc.cpp(744,49): warning C4244: 'argumento': conversión de 'ptrdiff_t' a 'int'; posible pérdida de datos
E:\Documentos\Tareas\AÑO 3\Proyecto3\global-engine\P3\ProyectoBase\lib\FreeImage\Source\OpenEXR\IlmImf\ImfMisc.cpp(743,49): warning C4244: 'argumento': conversión de 'ptrdiff_t' a 'int'; posible pérdida de datos
E:\Documentos\Tareas\AÑO 3\Proyecto3\global-engine\P3\ProyectoBase\lib\FreeImage\Source\OpenEXR\IlmImf\ImfMisc.cpp(786,45): warning C4244: 'argumento': conversión de 'ptrdiff_t' a 'int'; posible pérdida de datos
E:\Documentos\Tareas\AÑO 3\Proyecto3\global-engine\P3\ProyectoBase\lib\FreeImage\Source\OpenEXR\IlmImf\ImfMisc.cpp(785,45): warning C4244: 'argumento': conversión de 'ptrdiff_t' a 'int'; posible pérdida de datos
E:\Documentos\Tareas\AÑO 3\Proyecto3\global-engine\P3\ProyectoBase\lib\FreeImage\Source\OpenEXR\IlmImf\ImfMisc.cpp(811,45): warning C4244: 'argumento': conversión de 'ptrdiff_t' a 'int'; posible pérdida de datos
E:\Documentos\Tareas\AÑO 3\Proyecto3\global-engine\P3\ProyectoBase\lib\FreeImage\Source\OpenEXR\IlmImf\ImfMisc.cpp(810,45): warning C4244: 'argumento': conversión de 'ptrdiff_t' a 'int'; posible pérdida de datos
E:\Documentos\Tareas\AÑO 3\Proyecto3\global-engine\P3\ProyectoBase\lib\FreeImage\Source\OpenEXR\IlmImf\ImfMisc.cpp(838,45): warning C4244: 'argumento': conversión de 'ptrdiff_t' a 'int'; posible pérdida de datos
E:\Documentos\Tareas\AÑO 3\Proyecto3\global-engine\P3\ProyectoBase\lib\FreeImage\Source\OpenEXR\IlmImf\ImfMisc.cpp(837,45): warning C4244: 'argumento': conversión de 'ptrdiff_t' a 'int'; posible pérdida de datos
E:\Documentos\Tareas\AÑO 3\Proyecto3\global-engine\P3\ProyectoBase\lib\FreeImage\Source\OpenEXR\IlmImf\ImfMisc.cpp(874,45): warning C4244: 'argumento': conversión de 'ptrdiff_t' a 'int'; posible pérdida de datos
E:\Documentos\Tareas\AÑO 3\Proyecto3\global-engine\P3\ProyectoBase\lib\FreeImage\Source\OpenEXR\IlmImf\ImfMisc.cpp(873,45): warning C4244: 'argumento': conversión de 'ptrdiff_t' a 'int'; posible pérdida de datos
E:\Documentos\Tareas\AÑO 3\Proyecto3\global-engine\P3\ProyectoBase\lib\FreeImage\Source\OpenEXR\IlmImf\ImfMisc.cpp(901,45): warning C4244: 'argumento': conversión de 'ptrdiff_t' a 'int'; posible pérdida de datos
E:\Documentos\Tareas\AÑO 3\Proyecto3\global-engine\P3\ProyectoBase\lib\FreeImage\Source\OpenEXR\IlmImf\ImfMisc.cpp(900,45): warning C4244: 'argumento': conversión de 'ptrdiff_t' a 'int'; posible pérdida de datos
E:\Documentos\Tareas\AÑO 3\Proyecto3\global-engine\P3\ProyectoBase\lib\FreeImage\Source\OpenEXR\IlmImf\ImfMisc.cpp(926,45): warning C4244: 'argumento': conversión de 'ptrdiff_t' a 'int'; posible pérdida de datos
E:\Documentos\Tareas\AÑO 3\Proyecto3\global-engine\P3\ProyectoBase\lib\FreeImage\Source\OpenEXR\IlmImf\ImfMisc.cpp(925,45): warning C4244: 'argumento': conversión de 'ptrdiff_t' a 'int'; posible pérdida de datos
E:\Documentos\Tareas\AÑO 3\Proyecto3\global-engine\P3\ProyectoBase\lib\FreeImage\Source\OpenEXR\IlmImf\ImfMisc.cpp(961,45): warning C4244: 'argumento': conversión de 'ptrdiff_t' a 'int'; posible pérdida de datos
E:\Documentos\Tareas\AÑO 3\Proyecto3\global-engine\P3\ProyectoBase\lib\FreeImage\Source\OpenEXR\IlmImf\ImfMisc.cpp(960,45): warning C4244: 'argumento': conversión de 'ptrdiff_t' a 'int'; posible pérdida de datos
E:\Documentos\Tareas\AÑO 3\Proyecto3\global-engine\P3\ProyectoBase\lib\FreeImage\Source\OpenEXR\IlmImf\ImfMisc.cpp(987,45): warning C4244: 'argumento': conversión de 'ptrdiff_t' a 'int'; posible pérdida de datos
E:\Documentos\Tareas\AÑO 3\Proyecto3\global-engine\P3\ProyectoBase\lib\FreeImage\Source\OpenEXR\IlmImf\ImfMisc.cpp(986,45): warning C4244: 'argumento': conversión de 'ptrdiff_t' a 'int'; posible pérdida de datos
E:\Documentos\Tareas\AÑO 3\Proyecto3\global-engine\P3\ProyectoBase\lib\FreeImage\Source\OpenEXR\IlmImf\ImfMisc.cpp(1015,45): warning C4244: 'argumento': conversión de 'ptrdiff_t' a 'int'; posible pérdida de datos
E:\Documentos\Tareas\AÑO 3\Proyecto3\global-engine\P3\ProyectoBase\lib\FreeImage\Source\OpenEXR\IlmImf\ImfMisc.cpp(1014,45): warning C4244: 'argumento': conversión de 'ptrdiff_t' a 'int'; posible pérdida de datos
E:\Documentos\Tareas\AÑO 3\Proyecto3\global-engine\P3\ProyectoBase\lib\FreeImage\Source\OpenEXR\IlmImf\ImfMisc.cpp(1064,45): warning C4244: 'argumento': conversión de 'ptrdiff_t' a 'int'; posible pérdida de datos
E:\Documentos\Tareas\AÑO 3\Proyecto3\global-engine\P3\ProyectoBase\lib\FreeImage\Source\OpenEXR\IlmImf\ImfMisc.cpp(1063,45): warning C4244: 'argumento': conversión de 'ptrdiff_t' a 'int'; posible pérdida de datos
E:\Documentos\Tareas\AÑO 3\Proyecto3\global-engine\P3\ProyectoBase\lib\FreeImage\Source\OpenEXR\IlmImf\ImfMisc.cpp(1092,45): warning C4244: 'argumento': conversión de 'ptrdiff_t' a 'int'; posible pérdida de datos
E:\Documentos\Tareas\AÑO 3\Proyecto3\global-engine\P3\ProyectoBase\lib\FreeImage\Source\OpenEXR\IlmImf\ImfMisc.cpp(1091,45): warning C4244: 'argumento': conversión de 'ptrdiff_t' a 'int'; posible pérdida de datos
E:\Documentos\Tareas\AÑO 3\Proyecto3\global-engine\P3\ProyectoBase\lib\FreeImage\Source\OpenEXR\IlmImf\ImfMisc.cpp(1119,45): warning C4244: 'argumento': conversión de 'ptrdiff_t' a 'int'; posible pérdida de datos
E:\Documentos\Tareas\AÑO 3\Proyecto3\global-engine\P3\ProyectoBase\lib\FreeImage\Source\OpenEXR\IlmImf\ImfMisc.cpp(1118,45): warning C4244: 'argumento': conversión de 'ptrdiff_t' a 'int'; posible pérdida de datos
E:\Documentos\Tareas\AÑO 3\Proyecto3\global-engine\P3\ProyectoBase\lib\FreeImage\Source\OpenEXR\IlmImf\ImfMisc.cpp(1160,45): warning C4244: 'argumento': conversión de 'ptrdiff_t' a 'int'; posible pérdida de datos
E:\Documentos\Tareas\AÑO 3\Proyecto3\global-engine\P3\ProyectoBase\lib\FreeImage\Source\OpenEXR\IlmImf\ImfMisc.cpp(1159,45): warning C4244: 'argumento': conversión de 'ptrdiff_t' a 'int'; posible pérdida de datos
E:\Documentos\Tareas\AÑO 3\Proyecto3\global-engine\P3\ProyectoBase\lib\FreeImage\Source\OpenEXR\IlmImf\ImfMisc.cpp(1191,45): warning C4244: 'argumento': conversión de 'ptrdiff_t' a 'int'; posible pérdida de datos
E:\Documentos\Tareas\AÑO 3\Proyecto3\global-engine\P3\ProyectoBase\lib\FreeImage\Source\OpenEXR\IlmImf\ImfMisc.cpp(1190,45): warning C4244: 'argumento': conversión de 'ptrdiff_t' a 'int'; posible pérdida de datos
E:\Documentos\Tareas\AÑO 3\Proyecto3\global-engine\P3\ProyectoBase\lib\FreeImage\Source\OpenEXR\IlmImf\ImfMisc.cpp(1217,45): warning C4244: 'argumento': conversión de 'ptrdiff_t' a 'int'; posible pérdida de datos
E:\Documentos\Tareas\AÑO 3\Proyecto3\global-engine\P3\ProyectoBase\lib\FreeImage\Source\OpenEXR\IlmImf\ImfMisc.cpp(1216,45): warning C4244: 'argumento': conversión de 'ptrdiff_t' a 'int'; posible pérdida de datos
E:\Documentos\Tareas\AÑO 3\Proyecto3\global-engine\P3\ProyectoBase\lib\FreeImage\Source\OpenEXR\IlmImf\ImfMisc.cpp(1257,45): warning C4244: 'argumento': conversión de 'ptrdiff_t' a 'int'; posible pérdida de datos
E:\Documentos\Tareas\AÑO 3\Proyecto3\global-engine\P3\ProyectoBase\lib\FreeImage\Source\OpenEXR\IlmImf\ImfMisc.cpp(1256,45): warning C4244: 'argumento': conversión de 'ptrdiff_t' a 'int'; posible pérdida de datos
E:\Documentos\Tareas\AÑO 3\Proyecto3\global-engine\P3\ProyectoBase\lib\FreeImage\Source\OpenEXR\IlmImf\ImfMisc.cpp(1288,45): warning C4244: 'argumento': conversión de 'ptrdiff_t' a 'int'; posible pérdida de datos
E:\Documentos\Tareas\AÑO 3\Proyecto3\global-engine\P3\ProyectoBase\lib\FreeImage\Source\OpenEXR\IlmImf\ImfMisc.cpp(1287,45): warning C4244: 'argumento': conversión de 'ptrdiff_t' a 'int'; posible pérdida de datos
E:\Documentos\Tareas\AÑO 3\Proyecto3\global-engine\P3\ProyectoBase\lib\FreeImage\Source\OpenEXR\IlmImf\ImfMisc.cpp(1315,45): warning C4244: 'argumento': conversión de 'ptrdiff_t' a 'int'; posible pérdida de datos
E:\Documentos\Tareas\AÑO 3\Proyecto3\global-engine\P3\ProyectoBase\lib\FreeImage\Source\OpenEXR\IlmImf\ImfMisc.cpp(1314,45): warning C4244: 'argumento': conversión de 'ptrdiff_t' a 'int'; posible pérdida de datos
E:\Documentos\Tareas\AÑO 3\Proyecto3\global-engine\P3\ProyectoBase\lib\FreeImage\Source\OpenEXR\IlmImf\ImfMisc.cpp(1357,76): warning C4267: 'argumento': conversión de 'size_t' a 'int'; posible pérdida de datos
E:\Documentos\Tareas\AÑO 3\Proyecto3\global-engine\P3\ProyectoBase\lib\FreeImage\Source\OpenEXR\IlmImf\ImfMisc.cpp(1362,68): warning C4267: 'argumento': conversión de 'size_t' a 'int'; posible pérdida de datos
E:\Documentos\Tareas\AÑO 3\Proyecto3\global-engine\P3\ProyectoBase\lib\FreeImage\Source\OpenEXR\IlmImf\ImfMisc.cpp(1367,69): warning C4267: 'argumento': conversión de 'size_t' a 'int'; posible pérdida de datos
E:\Documentos\Tareas\AÑO 3\Proyecto3\global-engine\P3\ProyectoBase\lib\FreeImage\Source\OpenEXR\IlmImf\ImfMisc.cpp(1557,36): warning C4244: 'argumento': conversión de 'ptrdiff_t' a 'int'; posible pérdida de datos
E:\Documentos\Tareas\AÑO 3\Proyecto3\global-engine\P3\ProyectoBase\lib\FreeImage\Source\OpenEXR\IlmImf\ImfMisc.cpp(1556,36): warning C4244: 'argumento': conversión de 'ptrdiff_t' a 'int'; posible pérdida de datos
E:\Documentos\Tareas\AÑO 3\Proyecto3\global-engine\P3\ProyectoBase\lib\FreeImage\Source\OpenEXR\IlmImf\ImfMisc.cpp(1578,36): warning C4244: 'argumento': conversión de 'ptrdiff_t' a 'int'; posible pérdida de datos
E:\Documentos\Tareas\AÑO 3\Proyecto3\global-engine\P3\ProyectoBase\lib\FreeImage\Source\OpenEXR\IlmImf\ImfMisc.cpp(1577,36): warning C4244: 'argumento': conversión de 'ptrdiff_t' a 'int'; posible pérdida de datos
E:\Documentos\Tareas\AÑO 3\Proyecto3\global-engine\P3\ProyectoBase\lib\FreeImage\Source\OpenEXR\IlmImf\ImfMisc.cpp(1598,36): warning C4244: 'argumento': conversión de 'ptrdiff_t' a 'int'; posible pérdida de datos
E:\Documentos\Tareas\AÑO 3\Proyecto3\global-engine\P3\ProyectoBase\lib\FreeImage\Source\OpenEXR\IlmImf\ImfMisc.cpp(1597,36): warning C4244: 'argumento': conversión de 'ptrdiff_t' a 'int'; posible pérdida de datos
E:\Documentos\Tareas\AÑO 3\Proyecto3\global-engine\P3\ProyectoBase\lib\FreeImage\Source\OpenEXR\IlmImf\ImfMisc.cpp(1632,36): warning C4244: 'argumento': conversión de 'ptrdiff_t' a 'int'; posible pérdida de datos
E:\Documentos\Tareas\AÑO 3\Proyecto3\global-engine\P3\ProyectoBase\lib\FreeImage\Source\OpenEXR\IlmImf\ImfMisc.cpp(1631,36): warning C4244: 'argumento': conversión de 'ptrdiff_t' a 'int'; posible pérdida de datos
E:\Documentos\Tareas\AÑO 3\Proyecto3\global-engine\P3\ProyectoBase\lib\FreeImage\Source\OpenEXR\IlmImf\ImfMisc.cpp(1655,36): warning C4244: 'argumento': conversión de 'ptrdiff_t' a 'int'; posible pérdida de datos
E:\Documentos\Tareas\AÑO 3\Proyecto3\global-engine\P3\ProyectoBase\lib\FreeImage\Source\OpenEXR\IlmImf\ImfMisc.cpp(1654,36): warning C4244: 'argumento': conversión de 'ptrdiff_t' a 'int'; posible pérdida de datos
E:\Documentos\Tareas\AÑO 3\Proyecto3\global-engine\P3\ProyectoBase\lib\FreeImage\Source\OpenEXR\IlmImf\ImfMisc.cpp(1676,36): warning C4244: 'argumento': conversión de 'ptrdiff_t' a 'int'; posible pérdida de datos
E:\Documentos\Tareas\AÑO 3\Proyecto3\global-engine\P3\ProyectoBase\lib\FreeImage\Source\OpenEXR\IlmImf\ImfMisc.cpp(1675,36): warning C4244: 'argumento': conversión de 'ptrdiff_t' a 'int'; posible pérdida de datos
  ImfMultiPartInputFile.cpp
E:\Documentos\Tareas\AÑO 3\Proyecto3\global-engine\P3\ProyectoBase\lib\FreeImage\Source\OpenEXR\IlmImf\ImfMultiPartInputFile.cpp(427,99): warning C4267: 'argumento': conversión de 'size_t' a 'int'; posible pérdida de datos
  ImfMultiPartOutputFile.cpp
E:\Documentos\Tareas\AÑO 3\Proyecto3\global-engine\P3\ProyectoBase\lib\FreeImage\Source\OpenEXR\IlmImf\ImfMultiPartOutputFile.cpp(221,108): warning C4267: 'argumento': conversión de 'size_t' a 'int'; posible pérdida de datos
E:\Documentos\Tareas\AÑO 3\Proyecto3\global-engine\P3\ProyectoBase\lib\FreeImage\Source\OpenEXR\IlmImf\ImfMultiPartOutputFile.cpp(223,95): warning C4267: 'argumento': conversión de 'size_t' a 'int'; posible pérdida de datos
E:\Documentos\Tareas\AÑO 3\Proyecto3\global-engine\P3\ProyectoBase\lib\FreeImage\Source\OpenEXR\IlmImf\ImfMultiPartOutputFile.cpp(267,108): warning C4267: 'argumento': conversión de 'size_t' a 'int'; posible pérdida de datos
E:\Documentos\Tareas\AÑO 3\Proyecto3\global-engine\P3\ProyectoBase\lib\FreeImage\Source\OpenEXR\IlmImf\ImfMultiPartOutputFile.cpp(269,95): warning C4267: 'argumento': conversión de 'size_t' a 'int'; posible pérdida de datos
E:\Documentos\Tareas\AÑO 3\Proyecto3\global-engine\P3\ProyectoBase\lib\FreeImage\Source\OpenEXR\IlmImf\ImfMultiPartOutputFile.cpp(302,33): warning C4267: 'return': conversión de 'size_t' a 'int'; posible pérdida de datos
  ImfMultiView.cpp
E:\Documentos\Tareas\AÑO 3\Proyecto3\global-engine\P3\ProyectoBase\lib\FreeImage\Source\OpenEXR\IlmImf\ImfMultiView.cpp(109,14): warning C4267: 'return': conversión de 'size_t' a 'int'; posible pérdida de datos
  ImfOpaqueAttribute.cpp
E:\Documentos\Tareas\AÑO 3\Proyecto3\global-engine\P3\ProyectoBase\lib\FreeImage\Source\OpenEXR\IlmImf\ImfOpaqueAttribute.cpp(54,1): warning C4267: 'argumento': conversión de 'size_t' a 'long'; posible pérdida de datos
E:\Documentos\Tareas\AÑO 3\Proyecto3\global-engine\P3\ProyectoBase\lib\FreeImage\Source\OpenEXR\IlmImf\ImfOpaqueAttribute.cpp(63,1): warning C4267: 'argumento': conversión de 'size_t' a 'long'; posible pérdida de datos
  ImfOutputFile.cpp
E:\Documentos\Tareas\AÑO 3\Proyecto3\global-engine\P3\ProyectoBase\lib\FreeImage\Source\OpenEXR\IlmImf\ImfOutputFile.cpp(595,66): warning C4244: '=': conversión de '__int64' a 'int'; posible pérdida de datos
E:\Documentos\Tareas\AÑO 3\Proyecto3\global-engine\P3\ProyectoBase\lib\FreeImage\Source\OpenEXR\IlmImf\ImfOutputFile.cpp(815,72): warning C4267: 'argumento': conversión de 'size_t' a 'long'; posible pérdida de datos
  ImfOutputPart.cpp
  ImfOutputPartData.cpp
  ImfPartType.cpp
  ImfPizCompressor.cpp
E:\Documentos\Tareas\AÑO 3\Proyecto3\global-engine\P3\ProyectoBase\lib\FreeImage\Source\OpenEXR\IlmImf\ImfPizCompressor.cpp(185,1): warning C4267: 'inicializando': conversión de 'size_t' a 'int'; posible pérdida de datos
E:\Documentos\Tareas\AÑO 3\Proyecto3\global-engine\P3\ProyectoBase\lib\FreeImage\Source\OpenEXR\IlmImf\ImfPizCompressor.cpp(429,20): warning C4244: 'argumento': conversión de '__int64' a 'int'; posible pérdida de datos
E:\Documentos\Tareas\AÑO 3\Proyecto3\global-engine\P3\ProyectoBase\lib\FreeImage\Source\OpenEXR\IlmImf\ImfPizCompressor.cpp(435,45): warning C4244: 'argumento': conversión de '__int64' a 'int'; posible pérdida de datos
E:\Documentos\Tareas\AÑO 3\Proyecto3\global-engine\P3\ProyectoBase\lib\FreeImage\Source\OpenEXR\IlmImf\ImfPizCompressor.cpp(476,56): warning C4244: 'argumento': conversión de '__int64' a 'int'; posible pérdida de datos
E:\Documentos\Tareas\AÑO 3\Proyecto3\global-engine\P3\ProyectoBase\lib\FreeImage\Source\OpenEXR\IlmImf\ImfPizCompressor.cpp(480,29): warning C4244: 'return': conversión de '__int64' a 'int'; posible pérdida de datos
E:\Documentos\Tareas\AÑO 3\Proyecto3\global-engine\P3\ProyectoBase\lib\FreeImage\Source\OpenEXR\IlmImf\ImfPizCompressor.cpp(582,60): warning C4244: 'argumento': conversión de '__int64' a 'int'; posible pérdida de datos
E:\Documentos\Tareas\AÑO 3\Proyecto3\global-engine\P3\ProyectoBase\lib\FreeImage\Source\OpenEXR\IlmImf\ImfPizCompressor.cpp(605,45): warning C4244: 'argumento': conversión de '__int64' a 'int'; posible pérdida de datos
E:\Documentos\Tareas\AÑO 3\Proyecto3\global-engine\P3\ProyectoBase\lib\FreeImage\Source\OpenEXR\IlmImf\ImfPizCompressor.cpp(669,19): warning C4244: 'return': conversión de '__int64' a 'int'; posible pérdida de datos
  ImfPreviewImage.cpp
  Generando código...
  Compilando...
  ImfPreviewImageAttribute.cpp
  ImfPxr24Compressor.cpp
E:\Documentos\Tareas\AÑO 3\Proyecto3\global-engine\P3\ProyectoBase\lib\FreeImage\Source\OpenEXR\IlmImf\ImfPxr24Compressor.cpp(192,1): warning C4267: 'inicializando': conversión de 'size_t' a 'int'; posible pérdida de datos
E:\Documentos\Tareas\AÑO 3\Proyecto3\global-engine\P3\ProyectoBase\lib\FreeImage\Source\OpenEXR\IlmImf\ImfPxr24Compressor.cpp(405,21): warning C4244: 'argumento': conversión de '__int64' a 'uLong'; posible pérdida de datos
E:\Documentos\Tareas\AÑO 3\Proyecto3\global-engine\P3\ProyectoBase\lib\FreeImage\Source\OpenEXR\IlmImf\ImfPxr24Compressor.cpp(550,21): warning C4244: 'return': conversión de '__int64' a 'int'; posible pérdida de datos
  ImfRational.cpp
  ImfRationalAttribute.cpp
  ImfRgbaFile.cpp
E:\Documentos\Tareas\AÑO 3\Proyecto3\global-engine\P3\ProyectoBase\lib\FreeImage\Source\OpenEXR\IlmImf\ImfRgbaFile.cpp(172,73): warning C4334: '<<': el resultado del desplazamiento de 32 bits se convirtió implícitamente en 64 bits (¿quería un desplazamiento de 64 bits?)
E:\Documentos\Tareas\AÑO 3\Proyecto3\global-engine\P3\ProyectoBase\lib\FreeImage\Source\OpenEXR\IlmImf\ImfRgbaFile.cpp(180,36): warning C4334: '<<': el resultado del desplazamiento de 32 bits se convirtió implícitamente en 64 bits (¿quería un desplazamiento de 64 bits?)
E:\Documentos\Tareas\AÑO 3\Proyecto3\global-engine\P3\ProyectoBase\lib\FreeImage\Source\OpenEXR\IlmImf\ImfRgbaFile.cpp(183,30): warning C4334: '<<': el resultado del desplazamiento de 32 bits se convirtió implícitamente en 64 bits (¿quería un desplazamiento de 64 bits?)
  ImfRgbaYca.cpp
  ImfRle.cpp
E:\Documentos\Tareas\AÑO 3\Proyecto3\global-engine\P3\ProyectoBase\lib\FreeImage\Source\OpenEXR\IlmImf\ImfRle.cpp(76,40): warning C4244: '=': conversión de '__int64' a 'signed char'; posible pérdida de datos
E:\Documentos\Tareas\AÑO 3\Proyecto3\global-engine\P3\ProyectoBase\lib\FreeImage\Source\OpenEXR\IlmImf\ImfRle.cpp(96,29): warning C4244: '=': conversión de '__int64' a 'signed char'; posible pérdida de datos
E:\Documentos\Tareas\AÑO 3\Proyecto3\global-engine\P3\ProyectoBase\lib\FreeImage\Source\OpenEXR\IlmImf\ImfRle.cpp(107,21): warning C4244: 'return': conversión de '__int64' a 'int'; posible pérdida de datos
E:\Documentos\Tareas\AÑO 3\Proyecto3\global-engine\P3\ProyectoBase\lib\FreeImage\Source\OpenEXR\IlmImf\ImfRle.cpp(151,16): warning C4244: 'return': conversión de '__int64' a 'int'; posible pérdida de datos
  ImfRleCompressor.cpp
E:\Documentos\Tareas\AÑO 3\Proyecto3\global-engine\P3\ProyectoBase\lib\FreeImage\Source\OpenEXR\IlmImf\ImfRleCompressor.cpp(56,1): warning C4267: 'inicializando': conversión de 'size_t' a 'int'; posible pérdida de datos
  ImfScanLineInputFile.cpp
E:\Documentos\Tareas\AÑO 3\Proyecto3\global-engine\P3\ProyectoBase\lib\FreeImage\Source\OpenEXR\IlmImf\ImfOptimizedPixelReading.h(73,58): warning C4311: 'conversión de tipo': truncamiento de puntero de 'const void *__restrict ' a 'unsigned long'
E:\Documentos\Tareas\AÑO 3\Proyecto3\global-engine\P3\ProyectoBase\lib\FreeImage\Source\OpenEXR\IlmImf\ImfOptimizedPixelReading.h(73,58): warning C4302: 'conversión de tipo': truncamiento de 'const void *__restrict ' a 'unsigned long'
E:\Documentos\Tareas\AÑO 3\Proyecto3\global-engine\P3\ProyectoBase\lib\FreeImage\Source\OpenEXR\IlmImf\ImfScanLineInputFile.cpp(1467,40): warning C4244: 'argumento': conversión de 'const double' a 'float'; posible pérdida de datos
  ImfStandardAttributes.cpp
  ImfStdIO.cpp
  ImfStringAttribute.cpp
E:\Documentos\Tareas\AÑO 3\Proyecto3\global-engine\P3\ProyectoBase\lib\FreeImage\Source\OpenEXR\IlmImf\ImfStringAttribute.cpp(62,1): warning C4267: 'inicializando': conversión de 'size_t' a 'int'; posible pérdida de datos
  ImfStringVectorAttribute.cpp
E:\Documentos\Tareas\AÑO 3\Proyecto3\global-engine\P3\ProyectoBase\lib\FreeImage\Source\OpenEXR\IlmImf\ImfStringVectorAttribute.cpp(62,1): warning C4267: 'inicializando': conversión de 'size_t' a 'int'; posible pérdida de datos
E:\Documentos\Tareas\AÑO 3\Proyecto3\global-engine\P3\ProyectoBase\lib\FreeImage\Source\OpenEXR\IlmImf\ImfStringVectorAttribute.cpp(66,1): warning C4267: 'inicializando': conversión de 'size_t' a 'int'; posible pérdida de datos
  ImfSystemSpecific.cpp
  ImfTestFile.cpp
  ImfThreading.cpp
  ImfTileDescriptionAttribute.cpp
  ImfTiledInputFile.cpp
E:\Documentos\Tareas\AÑO 3\Proyecto3\global-engine\P3\ProyectoBase\lib\FreeImage\Source\OpenEXR\IlmImf\ImfTiledInputFile.cpp(523,63): warning C4267: 'inicializando': conversión de 'size_t' a 'int'; posible pérdida de datos
  ImfTiledInputPart.cpp
  ImfTiledMisc.cpp
  Generando código...
  Compilando...
  ImfTiledOutputFile.cpp
E:\Documentos\Tareas\AÑO 3\Proyecto3\global-engine\P3\ProyectoBase\lib\FreeImage\Source\OpenEXR\IlmImf\ImfTiledOutputFile.cpp(804,42): warning C4244: '=': conversión de '__int64' a 'int'; posible pérdida de datos
E:\Documentos\Tareas\AÑO 3\Proyecto3\global-engine\P3\ProyectoBase\lib\FreeImage\Source\OpenEXR\IlmImf\ImfTiledOutputFile.cpp(1037,72): warning C4267: 'argumento': conversión de 'size_t' a 'long'; posible pérdida de datos
  ImfTiledOutputPart.cpp
  ImfTiledRgbaFile.cpp
  ImfTileOffsets.cpp
E:\Documentos\Tareas\AÑO 3\Proyecto3\global-engine\P3\ProyectoBase\lib\FreeImage\Source\OpenEXR\IlmImf\ImfTileOffsets.cpp(154,91): warning C4244: 'argumento': conversión de 'Imath_2_2::Int64' a 'int'; posible pérdida de datos
  ImfTimeCode.cpp
  ImfTimeCodeAttribute.cpp
  ImfVecAttribute.cpp
  ImfVersion.cpp
  ImfWav.cpp
  ImfZip.cpp
E:\Documentos\Tareas\AÑO 3\Proyecto3\global-engine\P3\ProyectoBase\lib\FreeImage\Source\OpenEXR\IlmImf\ImfZip.cpp(146,33): warning C4267: 'inicializando': conversión de 'size_t' a 'uLongf'; posible pérdida de datos
  ImfZipCompressor.cpp
E:\Documentos\Tareas\AÑO 3\Proyecto3\global-engine\P3\ProyectoBase\lib\FreeImage\Source\OpenEXR\IlmImf\ImfZipCompressor.cpp(62,1): warning C4267: 'inicializando': conversión de 'size_t' a 'int'; posible pérdida de datos
  ImathBox.cpp
  ImathColorAlgo.cpp
  ImathFun.cpp
  ImathMatrixAlgo.cpp
  ImathRandom.cpp
  ImathShear.cpp
  ImathVec.cpp
  IexBaseExc.cpp
  IexThrowErrnoExc.cpp
  Generando código...
  Compilando...
  half.cpp
  IlmThread.cpp
E:\Documentos\Tareas\AÑO 3\Proyecto3\global-engine\P3\ProyectoBase\lib\FreeImage\Source\OpenEXR\IlmThread\IlmThread.cpp(67,1): warning C4297: 'IlmThread_2_2::Thread::~Thread': se suponía que la función no producía una excepción, pero lo hace
E:\Documentos\Tareas\AÑO 3\Proyecto3\global-engine\P3\ProyectoBase\lib\FreeImage\Source\OpenEXR\IlmThread\IlmThread.cpp(67,1): message : un destructor o desasignador tiene una especificación de no inicio de excepciones (posiblemente implícita)
  IlmThreadMutex.cpp
  IlmThreadPool.cpp
E:\Documentos\Tareas\AÑO 3\Proyecto3\global-engine\P3\ProyectoBase\lib\FreeImage\Source\OpenEXR\IlmThread\IlmThreadPool.cpp(371,29): warning C4267: 'return': conversión de 'size_t' a 'int'; posible pérdida de datos
  IlmThreadSemaphore.cpp
  IexMathFloatExc.cpp
  Generando código...
E:\Documentos\Tareas\AÑO 3\Proyecto3\global-engine\P3\ProyectoBase\lib\FreeImage\Source\OpenEXR\IlmThread\IlmThread.cpp(68): warning C4722: 'IlmThread_2_2::Thread::~Thread': el destructor nunca devuelve un valor, posible pérdida de memoria
  OpenEXR.2017.vcxproj -> E:\Documentos\Tareas\AÑO 3\Proyecto3\global-engine\P3\ProyectoBase\lib\FreeImage\Source\OpenEXR\.\x64\Release\OpenEXR.lib
